[27-Apr-2026 19:25:05 Asia/Kolkata] API error [live_nav_estimate]: SQLSTATE[42S22]: Column not found: 1054 Unknown column 'is_default' in 'order clause'
[29-Apr-2026 08:14:13 Asia/Kolkata] API error [live_nav_estimate]: SQLSTATE[42S22]: Column not found: 1054 Unknown column 'is_default' in 'order clause'
[29-Apr-2026 08:14:26 Asia/Kolkata] API error [live_nav_estimate]: SQLSTATE[42S22]: Column not found: 1054 Unknown column 'is_default' in 'order clause'
[29-Apr-2026 08:14:33 Asia/Kolkata] API error [live_nav_estimate]: SQLSTATE[42S22]: Column not found: 1054 Unknown column 'is_default' in 'order clause'
[29-Apr-2026 08:16:04 Asia/Kolkata] API error [live_nav_estimate]: SQLSTATE[42S22]: Column not found: 1054 Unknown column 'is_default' in 'order clause'
[29-Apr-2026 08:20:45 Asia/Kolkata] API error [live_nav_estimate]: SQLSTATE[42S22]: Column not found: 1054 Unknown column 'is_default' in 'order clause'
[29-Apr-2026 08:25:51 Asia/Kolkata] API error [live_nav_estimate]: SQLSTATE[42S22]: Column not found: 1054 Unknown column 'is_default' in 'order clause'
[29-Apr-2026 08:26:35 Asia/Kolkata] API error [live_nav_estimate]: SQLSTATE[42S22]: Column not found: 1054 Unknown column 'is_default' in 'order clause'
[29-Apr-2026 08:26:49 Asia/Kolkata] API error [live_nav_estimate]: SQLSTATE[42S22]: Column not found: 1054 Unknown column 'is_default' in 'order clause'
[30-Apr-2026 07:41:38 Asia/Kolkata] API error [live_nav_estimate]: SQLSTATE[42S22]: Column not found: 1054 Unknown column 'is_default' in 'order clause'
[30-Apr-2026 07:41:46 Asia/Kolkata] API error [mf_list]: SQLSTATE[42S22]: Column not found: 1054 Unknown column 'is_default' in 'where clause'
[30-Apr-2026 07:41:49 Asia/Kolkata] API error [live_nav_estimate]: SQLSTATE[42S22]: Column not found: 1054 Unknown column 'is_default' in 'order clause'
[30-Apr-2026 07:41:59 Asia/Kolkata] API error [live_nav_estimate]: SQLSTATE[42S22]: Column not found: 1054 Unknown column 'is_default' in 'order clause'
[30-Apr-2026 07:42:58 Asia/Kolkata] API error [mf_list]: SQLSTATE[42S22]: Column not found: 1054 Unknown column 'is_default' in 'where clause'
[30-Apr-2026 07:46:05 Asia/Kolkata] API error [mf_list]: SQLSTATE[42S22]: Column not found: 1054 Unknown column 'is_default' in 'where clause'
[30-Apr-2026 07:46:07 Asia/Kolkata] API error [live_nav_estimate]: SQLSTATE[42S22]: Column not found: 1054 Unknown column 'is_default' in 'order clause'
[30-Apr-2026 07:47:52 Asia/Kolkata] API error [mf_list]: SQLSTATE[42S22]: Column not found: 1054 Unknown column 'is_default' in 'where clause'
[30-Apr-2026 07:57:19 Asia/Kolkata] API error [mf_list]: SQLSTATE[42S22]: Column not found: 1054 Unknown column 'is_default' in 'where clause'
[30-Apr-2026 07:57:23 Asia/Kolkata] API error [live_nav_estimate]: SQLSTATE[42S22]: Column not found: 1054 Unknown column 'is_default' in 'order clause'
[30-Apr-2026 07:58:19 Asia/Kolkata] API error [mf_list]: SQLSTATE[42S22]: Column not found: 1054 Unknown column 'is_default' in 'where clause'
[30-Apr-2026 08:02:18 Asia/Kolkata] API error [mf_list]: SQLSTATE[42S22]: Column not found: 1054 Unknown column 'is_default' in 'where clause'
[30-Apr-2026 08:02:21 Asia/Kolkata] API error [live_nav_estimate]: SQLSTATE[42S22]: Column not found: 1054 Unknown column 'is_default' in 'order clause'
[30-Apr-2026 08:02:27 Asia/Kolkata] API error [live_nav_estimate]: SQLSTATE[42S22]: Column not found: 1054 Unknown column 'is_default' in 'order clause'
[30-Apr-2026 08:02:30 Asia/Kolkata] API error [live_nav_estimate]: SQLSTATE[42S22]: Column not found: 1054 Unknown column 'is_default' in 'order clause'
[01-May-2026 18:27:24 Asia/Kolkata] API error [live_nav_estimate]: SQLSTATE[42S22]: Column not found: 1054 Unknown column 'is_default' in 'order clause'
[01-May-2026 18:28:46 Asia/Kolkata] API error [mf_list]: SQLSTATE[42S22]: Column not found: 1054 Unknown column 'is_default' in 'where clause'
[01-May-2026 19:03:39 Asia/Kolkata] API error [live_nav_estimate]: SQLSTATE[42S22]: Column not found: 1054 Unknown column 'is_default' in 'order clause'
[01-May-2026 19:03:47 Asia/Kolkata] API error [mf_list]: SQLSTATE[42S22]: Column not found: 1054 Unknown column 'is_default' in 'where clause'
[01-May-2026 19:10:21 Asia/Kolkata] API error [live_nav_estimate]: SQLSTATE[42S22]: Column not found: 1054 Unknown column 'is_default' in 'order clause'
[01-May-2026 19:10:59 Asia/Kolkata] API error [mf_list]: SQLSTATE[42S22]: Column not found: 1054 Unknown column 'is_default' in 'where clause'
[01-May-2026 19:17:42 Asia/Kolkata] API error [live_nav_estimate]: SQLSTATE[42S22]: Column not found: 1054 Unknown column 'is_default' in 'order clause'
[01-May-2026 19:28:22 Asia/Kolkata] API error [live_nav_estimate]: SQLSTATE[42S22]: Column not found: 1054 Unknown column 'mh.units' in 'field list'
[01-May-2026 19:28:24 Asia/Kolkata] API error [live_nav_estimate]: SQLSTATE[42S22]: Column not found: 1054 Unknown column 'mh.units' in 'field list'
[01-May-2026 19:33:03 Asia/Kolkata] API error [live_nav_estimate]: SQLSTATE[42S22]: Column not found: 1054 Unknown column 'mh.units' in 'field list'
[02-May-2026 08:01:28 Asia/Kolkata] API error [live_nav_estimate]: SQLSTATE[42S22]: Column not found: 1054 Unknown column 'mh.units' in 'field list'
[02-May-2026 08:03:29 Asia/Kolkata] API error [mf_list]: SQLSTATE[42S22]: Column not found: 1054 Unknown column 'mh.units' in 'field list'
[02-May-2026 08:08:04 Asia/Kolkata] API error [live_nav_estimate]: SQLSTATE[42S22]: Column not found: 1054 Unknown column 'mh.current_nav' in 'field list'
[02-May-2026 08:08:16 Asia/Kolkata] API error [live_nav_estimate]: SQLSTATE[42S22]: Column not found: 1054 Unknown column 'mh.current_nav' in 'field list'
[02-May-2026 08:12:26 Asia/Kolkata] API error [live_nav_estimate]: SQLSTATE[42S22]: Column not found: 1054 Unknown column 'mh.current_nav' in 'field list'
[02-May-2026 08:12:29 Asia/Kolkata] API error [live_nav_estimate]: SQLSTATE[42S22]: Column not found: 1054 Unknown column 'mh.current_nav' in 'field list'
[02-May-2026 08:12:31 Asia/Kolkata] API error [live_nav_estimate]: SQLSTATE[42S22]: Column not found: 1054 Unknown column 'mh.current_nav' in 'field list'
[02-May-2026 08:14:48 Asia/Kolkata] API error [live_nav_estimate]: SQLSTATE[42S22]: Column not found: 1054 Unknown column 'mh.current_nav' in 'field list'
[02-May-2026 08:17:00 Asia/Kolkata] API error [live_nav_estimate]: SQLSTATE[42S22]: Column not found: 1054 Unknown column 'mh.current_nav' in 'field list'
[02-May-2026 08:17:03 Asia/Kolkata] API error [live_nav_estimate]: SQLSTATE[42S22]: Column not found: 1054 Unknown column 'mh.current_nav' in 'field list'
[02-May-2026 08:17:05 Asia/Kolkata] API error [live_nav_estimate]: SQLSTATE[42S22]: Column not found: 1054 Unknown column 'mh.current_nav' in 'field list'
[02-May-2026 08:17:06 Asia/Kolkata] API error [live_nav_estimate]: SQLSTATE[42S22]: Column not found: 1054 Unknown column 'mh.current_nav' in 'field list'
[02-May-2026 08:17:08 Asia/Kolkata] API error [live_nav_estimate]: SQLSTATE[42S22]: Column not found: 1054 Unknown column 'mh.current_nav' in 'field list'
[02-May-2026 08:17:28 Asia/Kolkata] API error [live_nav_estimate]: SQLSTATE[42S22]: Column not found: 1054 Unknown column 'mh.current_nav' in 'field list'
[02-May-2026 08:34:52 Asia/Kolkata] API error [live_nav_estimate]: SQLSTATE[42S22]: Column not found: 1054 Unknown column 'mh.current_nav' in 'field list'
[02-May-2026 08:35:50 Asia/Kolkata] API error [mf_list]: SQLSTATE[42S22]: Column not found: 1054 Unknown column 'mh.drawdown_pct' in 'field list'
[02-May-2026 08:38:43 Asia/Kolkata] API error [live_nav_estimate]: SQLSTATE[42S22]: Column not found: 1054 Unknown column 'mh.current_nav' in 'field list'
[02-May-2026 08:38:46 Asia/Kolkata] API error [live_nav_estimate]: SQLSTATE[42S22]: Column not found: 1054 Unknown column 'mh.current_nav' in 'field list'
[02-May-2026 08:38:47 Asia/Kolkata] API error [live_nav_estimate]: SQLSTATE[42S22]: Column not found: 1054 Unknown column 'mh.current_nav' in 'field list'
[02-May-2026 08:38:49 Asia/Kolkata] API error [live_nav_estimate]: SQLSTATE[42S22]: Column not found: 1054 Unknown column 'mh.current_nav' in 'field list'
